[2018-01-30 14:27:19] Processing: App\Jobs\MakeReport
[2018-01-30 14:28:48] Processing: App\Jobs\MakeReport
[2018-01-30 14:28:48] Failed:     App\Jobs\MakeReport
[2018-01-30 15:27:55] Processing: App\Jobs\MakeReport
[2018-01-30 15:28:35] Processed:  App\Jobs\MakeReport
[2018-01-30 15:29:02] Processing: App\Jobs\MakeReport
[2018-01-30 15:29:36] Processed:  App\Jobs\MakeReport
[2018-02-02 00:36:08] Processing: App\Jobs\MakeMiniReport
[2018-02-02 00:36:08] Processing: App\Jobs\MakeMiniReport
[2018-02-02 00:36:11] Failed:     App\Jobs\MakeMiniReport
[2018-02-02 00:36:12] Failed:     App\Jobs\MakeMiniReport
[2018-02-02 00:50:11] Processing: App\Jobs\MakeMiniReport
[2018-02-02 00:50:12] Processing: App\Jobs\MakeMiniReport
[2018-02-02 00:50:12] Processing: App\Jobs\MakeMiniReport
[2018-02-02 00:50:12] Processing: App\Jobs\MakeMiniReport
[2018-02-02 00:50:29] Processed:  App\Jobs\MakeMiniReport
[2018-02-02 00:50:31] Processed:  App\Jobs\MakeMiniReport
[2018-02-02 00:50:33] Processed:  App\Jobs\MakeMiniReport
[2018-02-02 00:50:42] Processed:  App\Jobs\MakeMiniReport
[2018-02-02 16:54:02] Processing: App\Jobs\MakeReport
[2018-02-02 16:54:54] Processed:  App\Jobs\MakeReport
[2018-02-02 18:31:31] Processing: App\Jobs\MakeReport
[2018-02-02 18:33:01] Processing: App\Jobs\MakeReport
[2018-02-02 18:33:01] Failed:     App\Jobs\MakeReport
[2018-02-02 18:43:26] Processing: App\Jobs\MakeReport
[2018-02-02 18:44:03] Processed:  App\Jobs\MakeReport
[2018-02-02 18:47:18] Processing: App\Jobs\MakeReport
[2018-02-02 18:47:49] Processed:  App\Jobs\MakeReport
[2018-02-02 18:54:09] Processing: App\Jobs\MakeReport
[2018-02-02 18:54:51] Processed:  App\Jobs\MakeReport
[2018-02-02 19:21:28] Processing: App\Jobs\MakeReport
[2018-02-02 19:22:12] Processed:  App\Jobs\MakeReport
[2018-02-02 21:52:08] Processing: App\Jobs\MakeMiniReport
[2018-02-02 21:52:24] Processed:  App\Jobs\MakeMiniReport
[2018-02-02 21:57:51] Processing: App\Jobs\MakeMiniReport
[2018-02-02 21:58:19] Processed:  App\Jobs\MakeMiniReport
[2018-02-08 17:58:11] Processing: App\Jobs\MakeReport
[2018-02-08 17:59:00] Processed:  App\Jobs\MakeReport
[2018-02-08 18:05:37] Processing: App\Jobs\MakeReport
[2018-02-08 18:06:14] Processed:  App\Jobs\MakeReport
[2018-02-08 18:07:29] Processing: App\Jobs\MakeReport
[2018-02-08 18:07:42] Failed:     App\Jobs\MakeReport
[2018-02-09 00:13:57] Processing: App\Jobs\MakeMiniReport
[2018-02-09 00:14:14] Processed:  App\Jobs\MakeMiniReport
